<?xml version="1.0" encoding="UTF-8"?>
<testng-results ignored="0" total="2" passed="2" failed="0" skipped="0">
  <reporter-output>
  </reporter-output>
  <suite started-at="2022-03-30T13:58:12 IST" name="Suite" finished-at="2022-03-30T13:58:26 IST" duration-ms="13699">
    <groups>
    </groups>
    <test started-at="2022-03-30T13:58:12 IST" name="Test" finished-at="2022-03-30T13:58:26 IST" duration-ms="13699">
      <class name="actionExample.DragDropExample">
        <test-method signature="dragdropTest1()[pri:0, instance:actionExample.DragDropExample@50b5ac82]" started-at="2022-03-30T13:58:12 IST" name="dragdropTest1" finished-at="2022-03-30T13:58:18 IST" duration-ms="5957" status="PASS">
          <reporter-output>
          </reporter-output>
        </test-method> <!-- dragdropTest1 -->
      </class> <!-- actionExample.DragDropExample -->
      <class name="actionExample.DragDropExample2">
        <test-method signature="dragdropTest1()[pri:0, instance:actionExample.DragDropExample2@581ac8a8]" started-at="2022-03-30T13:58:18 IST" name="dragdropTest1" finished-at="2022-03-30T13:58:26 IST" duration-ms="7651" status="PASS">
          <reporter-output>
          </reporter-output>
        </test-method> <!-- dragdropTest1 -->
      </class> <!-- actionExample.DragDropExample2 -->
    </test> <!-- Test -->
  </suite> <!-- Suite -->
</testng-results>
